[2024-02-26 13:21:33] START
[2024-06-18 06:38:39] EDIT wssist/views/manager/bundle_bargain_request.html: 5
[2024-06-18 06:41:17] EDIT wssist/views/manager/bundle_bargain_request.html: 32
[2024-06-18 06:41:39] EDIT wssist/views/manager/bundle_bargain_request.html: -15
[2024-06-18 06:42:42] EDIT wssist/views/manager/bundle_bargain_request.html: 2
[2024-06-18 06:43:04] EDIT wssist/views/manager/bundle_bargain_request.html: 0
[2024-06-18 06:43:24] EDIT wssist/views/manager/bundle_bargain_request.html: -2
[2024-06-18 06:43:37] EDIT wssist/views/manager/bundle_bargain_request.html: -1
[2024-06-18 06:44:28] EDIT wssist/views/manager/bundle_bargain_request.html: 1
[2024-06-18 06:45:16] EDIT wssist/views/manager/bundle_bargain_request.html: 0
[2024-06-18 06:45:41] EDIT wssist/views/manager/bundle_bargain_request.html: 1
[2024-06-18 06:46:10] EDIT wssist/views/manager/bundle_bargain_request.html: 0
[2024-06-18 06:46:14] EDIT wssist/views/manager/bundle_bargain_request.html: -1
[2024-06-18 06:46:22] EDIT wssist/views/manager/bundle_bargain_request.html: 1
[2024-06-18 06:46:42] EDIT wssist/views/manager/bundle_bargain_request.html: 0
[2024-06-18 06:47:23] EDIT wssist/views/manager/bundle_bargain_request.html: 0
[2024-06-18 06:47:39] EDIT wssist/views/manager/bundle_bargain_request.html: -3
[2024-06-18 06:47:51] EDIT wssist/views/manager/bundle_bargain_request.html: -9
[2024-06-18 06:49:13] EDIT wssist/views/manager/manager_request.html: 11
[2024-06-18 06:49:14] EDIT wssist/views/manager/manager_request.html: 1
[2024-06-29 05:13:41] EDIT wssist/views/default/item_index.html: -2
[2024-06-29 05:25:02] EDIT wssist/controllers/default.py: 2
[2024-06-29 05:25:38] EDIT wssist/views/default/search_price.html: 1
[2024-06-29 05:25:39] EDIT wssist/views/default/search_price.html: 0
[2024-06-29 05:55:58] EDIT wssist/views/overview/index.html: -1
[2024-06-29 05:56:51] EDIT wssist/views/overview/index.html: 0
[2024-06-29 05:57:06] EDIT wssist/views/overview/index.html: 0
[2024-07-01 03:21:33] EDIT wssist/views/default/search_price.html: 0
[2024-07-01 03:42:17] EDIT wssist/views/default/search_price.html: 2
[2024-08-12 06:11:27] EDIT wssist/controllers/default.py: 2
[2024-08-12 06:11:29] EDIT wssist/views/default/search_price.html: 1
[2024-08-12 06:57:39] EDIT wssist/views/default/search_price.html: 58
[2024-08-12 06:58:19] EDIT wssist/controllers/default.py: 0
[2024-08-12 07:03:11] EDIT wssist/views/default/search_price.html: 0
[2024-08-12 07:39:02] EDIT wssist/controllers/default.py: 3
[2024-08-12 07:39:18] EDIT wssist/views/default/search_price.html: 0
[2024-08-22 01:39:13] EDIT wssist/controllers/default.py: -4
[2024-08-22 02:10:23] EDIT wssist/controllers/default.py: -2
[2024-08-22 05:36:45] EDIT wssist/views/default/search_price.html: 3
[2024-09-06 05:14:43] EDIT wssist/controllers/default.py: 59
[2024-09-06 05:15:42] EDIT wssist/views/default/item_index.html: 30
[2024-09-06 05:17:06] EDIT wssist/views/default/item_index.html: 11
[2024-09-09 01:30:52] EDIT wssist/views/default/item_index.html: 0
[2024-09-30 06:27:24] EDIT wssist/views/default/search_price.html: 5
[2024-11-29 07:25:36] EDIT wssist/controllers/default.py: 0
[2024-12-01 02:52:57] EDIT wssist/controllers/default.py: -24
[2024-12-01 02:53:01] EDIT wssist/views/default/search_price.html: 53
[2024-12-01 03:35:58] EDIT wssist/views/default/search_price.html: 0
[2024-12-01 03:37:08] EDIT wssist/views/default/search_price.html: 6
[2024-12-01 03:37:52] EDIT wssist/views/default/search_price.html: 6
[2024-12-01 03:38:26] EDIT wssist/controllers/manager.py: 47
[2024-12-06 01:34:57] EDIT wssist/views/default/search_price.html: 0
[2024-12-06 01:40:28] EDIT wssist/views/default/search_price.html: 0
[2024-12-06 01:44:41] EDIT wssist/views/default/search_price.html: 1
[2024-12-06 01:45:04] EDIT wssist/views/default/search_price.html: 0
[2024-12-06 01:49:36] EDIT wssist/views/default/search_price.html: 0
[2024-12-06 02:27:10] EDIT wssist/views/default/search_price.html: 0
[2024-12-06 02:45:09] EDIT wssist/controllers/manager.py: 2
[2025-02-02 02:07:31] EDIT wssist/models/db.py: 1
[2025-02-02 02:08:24] EDIT wssist/models/db.py: 0
[2025-02-02 02:09:03] EDIT wssist/models/db.py: 2
[2025-02-02 02:09:13] EDIT wssist/models/db.py: 1
[2025-02-02 02:09:56] EDIT wssist/models/db.py: 4
[2025-02-02 02:10:12] EDIT wssist/models/db.py: 0
[2025-02-02 02:10:20] EDIT wssist/models/db.py: 0
[2025-02-02 02:10:41] EDIT wssist/models/db.py: 0
[2025-02-02 02:10:55] EDIT wssist/models/db.py: 0
[2025-02-15 08:47:06] EDIT wssist/models/db.py: 0
[2025-02-24 06:23:00] EDIT wssist/views/overview/index.html: 27
[2025-02-25 06:18:31] EDIT wssist/views/default/search_price.html: 30
[2025-02-25 06:19:19] EDIT wssist/views/default/search_price.html: 3
[2025-02-25 06:24:00] EDIT wssist/views/default/search_price.html: -32
[2025-02-25 06:24:13] EDIT wssist/views/default/search_price.html: 0
[2025-02-26 02:56:37] EDIT wssist/controllers/default.py: 32
[2025-02-26 02:57:00] EDIT wssist/views/default/search_price.html: 16
[2025-02-26 03:32:53] EDIT wssist/controllers/default.py: 7
